<?xml version="1.0" encoding="UTF-8"?>
<testng-results skipped="0" failed="0" ignored="0" total="1" passed="1">
  <reporter-output>
  </reporter-output>
  <suite name="Suite" duration-ms="142791" started-at="2019-07-24T08:42:01Z" finished-at="2019-07-24T08:44:23Z">
    <groups>
      <group name="cucumber">
        <method signature="AbstractTestNGCucumberTests.feature(cucumber.api.testng.CucumberFeatureWrapper)[pri:0, instance:Testrunner.Testrunner@531be3c5]" name="feature" class="cucumber.api.testng.AbstractTestNGCucumberTests"/>
      </group> <!-- cucumber -->
    </groups>
    <test name="Test" duration-ms="142791" started-at="2019-07-24T08:42:01Z" finished-at="2019-07-24T08:44:23Z">
      <class name="Testrunner.Testrunner">
        <test-method status="PASS" signature="setUpClass()[pri:0, instance:Testrunner.Testrunner@531be3c5]" name="setUpClass" is-config="true" duration-ms="1990" started-at="2019-07-24T08:42:01Z" finished-at="2019-07-24T08:42:03Z">
          <reporter-output>
          </reporter-output>
        </test-method> <!-- setUpClass -->
        <test-method status="PASS" signature="feature(cucumber.api.testng.CucumberFeatureWrapper)[pri:0, instance:Testrunner.Testrunner@531be3c5]" name="feature" duration-ms="140190" started-at="2019-07-24T08:42:03Z" description="Runs Cucumber Feature" data-provider="features" finished-at="2019-07-24T08:44:23Z">
          <params>
            <param index="0">
              <value>
                <![CDATA[To verify the items present on my videos page]]>
              </value>
            </param>
          </params>
          <reporter-output>
          </reporter-output>
        </test-method> <!-- feature -->
        <test-method status="PASS" signature="tearDownClass()[pri:0, instance:Testrunner.Testrunner@531be3c5]" name="tearDownClass" is-config="true" duration-ms="42" started-at="2019-07-24T08:44:23Z" finished-at="2019-07-24T08:44:23Z">
          <reporter-output>
          </reporter-output>
        </test-method> <!-- tearDownClass -->
      </class> <!-- Testrunner.Testrunner -->
    </test> <!-- Test -->
  </suite> <!-- Suite -->
</testng-results>
